<?xml version="1.0" encoding="UTF-8"?>
<!-- Generated by org.testng.reporters.JUnitReportReporter -->
<testsuite skipped="0" hostname="Hameed" name="testNG.NewTest" tests="1" failures="0" timestamp="2020-01-19T20:53:03 PST" time="0.029" errors="0">
  <testcase name="main" time="0.029" classname="testNG.NewTest"/>
</testsuite> <!-- testNG.NewTest -->
