<?xml version="1.0" encoding="UTF-8"?>
<!-- Generated by org.testng.reporters.JUnitReportReporter -->
<testsuite skipped="0" hostname="Hameed" name="testNG.TestNGBasics" tests="2" failures="0" timestamp="2020-01-20T08:41:55 PST" time="0.013" errors="0">
  <testcase name="GoogleTitleTest" time="0.009" classname="testNG.TestNGBasics"/>
  <testcase name="SearchTest" time="0.004" classname="testNG.TestNGBasics"/>
</testsuite> <!-- testNG.TestNGBasics -->
