<?xml version="1.0" encoding="UTF-8"?>
<!-- Generated by org.testng.reporters.JUnitReportReporter -->
<testsuite skipped="0" hostname="Hameed" name="testNG.GoogleTest" tests="2" failures="0" timestamp="2020-01-20T09:31:53 PST" time="15.677" errors="0">
  <testcase name="GoogleTitle" time="8.730" classname="testNG.GoogleTest"/>
  <testcase name="GoogleLogo" time="6.947" classname="testNG.GoogleTest"/>
</testsuite> <!-- testNG.GoogleTest -->
